<?xml version="1.0" encoding="UTF-8"?>
<testng-results ignored="0" total="1" passed="1" failed="0" skipped="0">
  <reporter-output>
  </reporter-output>
  <suite started-at="2024-01-02T20:24:37 IST" name="Default suite" finished-at="2024-01-02T20:24:46 IST" duration-ms="8820">
    <groups>
    </groups>
    <test started-at="2024-01-02T20:24:37 IST" name="Default test" finished-at="2024-01-02T20:24:46 IST" duration-ms="8820">
      <class name="launchbrowser.BrowserLaunch">
        <test-method is-config="true" signature="beforeTest()[pri:0, instance:launchbrowser.BrowserLaunch@66d3eec0]" started-at="2024-01-02T20:24:37 IST" name="beforeTest" finished-at="2024-01-02T20:24:42 IST" duration-ms="5059" status="PASS">
          <reporter-output>
          </reporter-output>
        </test-method> <!-- beforeTest -->
        <test-method signature="google()[pri:0, instance:launchbrowser.BrowserLaunch@66d3eec0]" started-at="2024-01-02T20:24:42 IST" name="google" finished-at="2024-01-02T20:24:46 IST" duration-ms="3678" status="PASS">
          <reporter-output>
          </reporter-output>
        </test-method> <!-- google -->
      </class> <!-- launchbrowser.BrowserLaunch -->
    </test> <!-- Default test -->
  </suite> <!-- Default suite -->
</testng-results>
